GROUP,PACKAGE,CLASS,INSTRUCTION_MISSED,INSTRUCTION_COVERED,BRANCH_MISSED,BRANCH_COVERED,LINE_MISSED,LINE_COVERED,COMPLEXITY_MISSED,COMPLEXITY_COVERED,METHOD_MISSED,METHOD_COVERED
notify-service,com.zzx.fraud.notify,NotifyServiceApplication,5,3,0,0,2,1,1,1,1,1
notify-service,com.zzx.fraud.notify.controller,NotificationController,11,36,1,3,3,9,1,5,0,4
notify-service,com.zzx.fraud.notify.service,NotificationService,4,52,3,5,2,14,3,4,0,3
notify-service,com.zzx.fraud.notify.model,FraudDetectionResult,34,119,2,2,2,47,3,30,1,30
